# JRE version: Java(TM) SE Runtime Environment (17.0.1+12) (build 17.0.1+12-LTS-39)
# Java VM: Java HotSpot(TM) 64-Bit Server VM (17.0.1+12-LTS-39, mixed mode, emulated-client, sharing, tiered, compressed oops, compressed class ptrs, g1 gc, windows-amd64)
GC Precious Log:
 CPUs: 8 total, 8 available
 Memory: 8025M
 Large Page Support: Disabled
 NUMA Support: Disabled
 Compressed Oops: Enabled (32-bit)
 Heap Region Size: 1M
 Heap Min Capacity: 8M
 Heap Initial Capacity: 126M
 Heap Max Capacity: 2008M
 Pre-touch: Disabled
 Parallel Workers: 8
 Concurrent Workers: 2
 Concurrent Refinement Workers: 8
 Periodic GC: Disabled
Heap:
 garbage-first heap   total 71680K, used 54302K [0x0000000082800000, 0x0000000100000000)
  region size 1024K, 38 young (38912K), 5 survivors (5120K)
 Metaspace       used 53673K, committed 54208K, reserved 1097728K
  class space    used 7688K, committed 7936K, reserved 1048576K
GC Heap History (20 events):
Event: 1.011 GC heap before
{Heap before GC invocations=4 (full 0):
 garbage-first heap   total 129024K, used 82379K [0x0000000082800000, 0x0000000100000000)
  region size 1024K, 75 young (76800K), 4 survivors (4096K)
 Metaspace       used 18668K, committed 18944K, reserved 1073152K
  class space    used 2505K, committed 2624K, reserved 1048576K
}
Event: 1.013 GC heap after
{Heap after GC invocations=5 (full 0):
 garbage-first heap   total 129024K, used 11891K [0x0000000082800000, 0x0000000100000000)
  region size 1024K, 5 young (5120K), 5 survivors (5120K)
 Metaspace       used 18668K, committed 18944K, reserved 1073152K
  class space    used 2505K, committed 2624K, reserved 1048576K
}
Event: 1.181 GC heap before
{Heap before GC invocations=5 (full 0):
 garbage-first heap   total 129024K, used 82547K [0x0000000082800000, 0x0000000100000000)
  region size 1024K, 75 young (76800K), 5 survivors (5120K)
 Metaspace       used 19897K, committed 20288K, reserved 1073152K
  class space    used 2676K, committed 2880K, reserved 1048576K
}
Event: 1.185 GC heap after
{Heap after GC invocations=6 (full 0):
 garbage-first heap   total 203776K, used 13510K [0x0000000082800000, 0x0000000100000000)
  region size 1024K, 6 young (6144K), 6 survivors (6144K)
 Metaspace       used 19897K, committed 20288K, reserved 1073152K
  class space    used 2676K, committed 2880K, reserved 1048576K
}
Event: 1.347 GC heap before
{Heap before GC invocations=6 (full 0):
 garbage-first heap   total 203776K, used 27846K [0x0000000082800000, 0x0000000100000000)
  region size 1024K, 21 young (21504K), 6 survivors (6144K)
 Metaspace       used 21138K, committed 21504K, reserved 1073152K
  class space    used 2852K, committed 3072K, reserved 1048576K
}
Event: 1.351 GC heap after
{Heap after GC invocations=7 (full 0):
 garbage-first heap   total 203776K, used 13881K [0x0000000082800000, 0x0000000100000000)
  region size 1024K, 7 young (7168K), 7 survivors (7168K)
 Metaspace       used 21138K, committed 21504K, reserved 1073152K
  class space    used 2852K, committed 3072K, reserved 1048576K
}
Event: 1.707 GC heap before
{Heap before GC invocations=8 (full 0):
 garbage-first heap   total 55296K, used 39481K [0x0000000082800000, 0x0000000100000000)
  region size 1024K, 32 young (32768K), 7 survivors (7168K)
 Metaspace       used 24334K, committed 24768K, reserved 1073152K
  class space    used 3385K, committed 3584K, reserved 1048576K
}
Event: 1.712 GC heap after
{Heap after GC invocations=9 (full 0):
 garbage-first heap   total 55296K, used 15899K [0x0000000082800000, 0x0000000100000000)
  region size 1024K, 4 young (4096K), 4 survivors (4096K)
 Metaspace       used 24334K, committed 24768K, reserved 1073152K
  class space    used 3385K, committed 3584K, reserved 1048576K
}
Event: 1.910 GC heap before
{Heap before GC invocations=9 (full 0):
 garbage-first heap   total 55296K, used 39451K [0x0000000082800000, 0x0000000100000000)
  region size 1024K, 28 young (28672K), 4 survivors (4096K)
 Metaspace       used 27092K, committed 27520K, reserved 1073152K
  class space    used 3783K, committed 3968K, reserved 1048576K
}
Event: 1.914 GC heap after
{Heap after GC invocations=10 (full 0):
 garbage-first heap   total 55296K, used 17603K [0x0000000082800000, 0x0000000100000000)
  region size 1024K, 2 young (2048K), 2 survivors (2048K)
 Metaspace       used 27092K, committed 27520K, reserved 1073152K
  class space    used 3783K, committed 3968K, reserved 1048576K
}
Event: 1.916 GC heap before
{Heap before GC invocations=10 (full 0):
 garbage-first heap   total 55296K, used 41155K [0x0000000082800000, 0x0000000100000000)
  region size 1024K, 26 young (26624K), 2 survivors (2048K)
 Metaspace       used 27092K, committed 27520K, reserved 1073152K
  class space    used 3783K, committed 3968K, reserved 1048576K
}
Event: 1.919 GC heap after
{Heap after GC invocations=11 (full 0):
 garbage-first heap   total 55296K, used 17495K [0x0000000082800000, 0x0000000100000000)
  region size 1024K, 2 young (2048K), 2 survivors (2048K)
 Metaspace       used 27092K, committed 27520K, reserved 1073152K
  class space    used 3783K, committed 3968K, reserved 1048576K
}
Event: 1.921 GC heap before
{Heap before GC invocations=11 (full 0):
 garbage-first heap   total 55296K, used 42071K [0x0000000082800000, 0x0000000100000000)
  region size 1024K, 27 young (27648K), 2 survivors (2048K)
 Metaspace       used 27092K, committed 27520K, reserved 1073152K
  class space    used 3783K, committed 3968K, reserved 1048576K
}
Event: 1.923 GC heap after
{Heap after GC invocations=12 (full 0):
 garbage-first heap   total 113664K, used 17350K [0x0000000082800000, 0x0000000100000000)
  region size 1024K, 2 young (2048K), 2 survivors (2048K)
 Metaspace       used 27092K, committed 27520K, reserved 1073152K
  class space    used 3783K, committed 3968K, reserved 1048576K
}
Event: 1.945 GC heap before
{Heap before GC invocations=12 (full 0):
 garbage-first heap   total 113664K, used 81862K [0x0000000082800000, 0x0000000100000000)
  region size 1024K, 66 young (67584K), 2 survivors (2048K)
 Metaspace       used 27092K, committed 27520K, reserved 1073152K
  class space    used 3783K, committed 3968K, reserved 1048576K
}
Event: 1.946 GC heap after
{Heap after GC invocations=13 (full 0):
 garbage-first heap   total 113664K, used 17351K [0x0000000082800000, 0x0000000100000000)
  region size 1024K, 2 young (2048K), 2 survivors (2048K)
 Metaspace       used 27092K, committed 27520K, reserved 1073152K
  class space    used 3783K, committed 3968K, reserved 1048576K
}
Event: 2.386 GC heap before
{Heap before GC invocations=13 (full 0):
 garbage-first heap   total 113664K, used 63431K [0x0000000082800000, 0x0000000100000000)
  region size 1024K, 48 young (49152K), 2 survivors (2048K)
 Metaspace       used 35524K, committed 35968K, reserved 1081344K
  class space    used 4822K, committed 5056K, reserved 1048576K
}
Event: 2.389 GC heap after
{Heap after GC invocations=14 (full 0):
 garbage-first heap   total 113664K, used 19617K [0x0000000082800000, 0x0000000100000000)
  region size 1024K, 4 young (4096K), 4 survivors (4096K)
 Metaspace       used 35524K, committed 35968K, reserved 1081344K
  class space    used 4822K, committed 5056K, reserved 1048576K
}
Event: 2.849 GC heap before
{Heap before GC invocations=15 (full 0):
 garbage-first heap   total 71680K, used 58529K [0x0000000082800000, 0x0000000100000000)
  region size 1024K, 42 young (43008K), 4 survivors (4096K)
 Metaspace       used 44418K, committed 44864K, reserved 1089536K
  class space    used 6229K, committed 6464K, reserved 1048576K
}
Event: 2.853 GC heap after
{Heap after GC invocations=16 (full 0):
 garbage-first heap   total 71680K, used 21534K [0x0000000082800000, 0x0000000100000000)
  region size 1024K, 5 young (5120K), 5 survivors (5120K)
 Metaspace       used 44418K, committed 44864K, reserved 1089536K
  class space    used 6229K, committed 6464K, reserved 1048576K
}

