# JRE version: Java(TM) SE Runtime Environment (17.0.1+12) (build 17.0.1+12-LTS-39)
# Java VM: Java HotSpot(TM) 64-Bit Server VM (17.0.1+12-LTS-39, mixed mode, emulated-client, sharing, tiered, compressed oops, compressed class ptrs, g1 gc, windows-amd64)
GC Precious Log:
 CPUs: 8 total, 8 available
 Memory: 8025M
 Large Page Support: Disabled
 NUMA Support: Disabled
 Compressed Oops: Enabled (32-bit)
 Heap Region Size: 1M
 Heap Min Capacity: 8M
 Heap Initial Capacity: 126M
 Heap Max Capacity: 2008M
 Pre-touch: Disabled
 Parallel Workers: 8
 Concurrent Workers: 2
 Concurrent Refinement Workers: 8
 Periodic GC: Disabled
Heap:
 garbage-first heap   total 81920K, used 74566K [0x0000000082800000, 0x0000000100000000)
  region size 1024K, 59 young (60416K), 6 survivors (6144K)
 Metaspace       used 40270K, committed 40768K, reserved 1089536K
  class space    used 5454K, committed 5696K, reserved 1048576K
GC Heap History (20 events):
Event: 1.484 GC heap after
{Heap after GC invocations=8 (full 0):
 garbage-first heap   total 258048K, used 13403K [0x0000000082800000, 0x0000000100000000)
  region size 1024K, 7 young (7168K), 7 survivors (7168K)
 Metaspace       used 21274K, committed 21504K, reserved 1073152K
  class space    used 2757K, committed 2880K, reserved 1048576K
}
Event: 1.761 GC heap before
{Heap before GC invocations=9 (full 0):
 garbage-first heap   total 51200K, used 42075K [0x0000000082800000, 0x0000000100000000)
  region size 1024K, 36 young (36864K), 7 survivors (7168K)
 Metaspace       used 22397K, committed 22656K, reserved 1073152K
  class space    used 2942K, committed 3072K, reserved 1048576K
}
Event: 1.765 GC heap after
{Heap after GC invocations=10 (full 0):
 garbage-first heap   total 51200K, used 14297K [0x0000000082800000, 0x0000000100000000)
  region size 1024K, 7 young (7168K), 7 survivors (7168K)
 Metaspace       used 22397K, committed 22656K, reserved 1073152K
  class space    used 2942K, committed 3072K, reserved 1048576K
}
Event: 1.925 GC heap before
{Heap before GC invocations=10 (full 0):
 garbage-first heap   total 51200K, used 36825K [0x0000000082800000, 0x0000000100000000)
  region size 1024K, 30 young (30720K), 7 survivors (7168K)
 Metaspace       used 23942K, committed 24256K, reserved 1073152K
  class space    used 3168K, committed 3328K, reserved 1048576K
}
Event: 1.929 GC heap after
{Heap after GC invocations=11 (full 0):
 garbage-first heap   total 51200K, used 14890K [0x0000000082800000, 0x0000000100000000)
  region size 1024K, 4 young (4096K), 4 survivors (4096K)
 Metaspace       used 23942K, committed 24256K, reserved 1073152K
  class space    used 3168K, committed 3328K, reserved 1048576K
}
Event: 2.145 GC heap before
{Heap before GC invocations=11 (full 0):
 garbage-first heap   total 51200K, used 40490K [0x0000000082800000, 0x0000000100000000)
  region size 1024K, 29 young (29696K), 4 survivors (4096K)
 Metaspace       used 25729K, committed 26176K, reserved 1073152K
  class space    used 3450K, committed 3648K, reserved 1048576K
}
Event: 2.148 GC heap after
{Heap after GC invocations=12 (full 0):
 garbage-first heap   total 51200K, used 15981K [0x0000000082800000, 0x0000000100000000)
  region size 1024K, 4 young (4096K), 4 survivors (4096K)
 Metaspace       used 25729K, committed 26176K, reserved 1073152K
  class space    used 3450K, committed 3648K, reserved 1048576K
}
Event: 2.344 GC heap before
{Heap before GC invocations=12 (full 0):
 garbage-first heap   total 51200K, used 40557K [0x0000000082800000, 0x0000000100000000)
  region size 1024K, 28 young (28672K), 4 survivors (4096K)
 Metaspace       used 27736K, committed 28224K, reserved 1073152K
  class space    used 3805K, committed 4032K, reserved 1048576K
}
Event: 2.348 GC heap after
{Heap after GC invocations=13 (full 0):
 garbage-first heap   total 61440K, used 17242K [0x0000000082800000, 0x0000000100000000)
  region size 1024K, 4 young (4096K), 4 survivors (4096K)
 Metaspace       used 27736K, committed 28224K, reserved 1073152K
  class space    used 3805K, committed 4032K, reserved 1048576K
}
Event: 2.435 GC heap before
{Heap before GC invocations=13 (full 0):
 garbage-first heap   total 61440K, used 47962K [0x0000000082800000, 0x0000000100000000)
  region size 1024K, 35 young (35840K), 4 survivors (4096K)
 Metaspace       used 28933K, committed 29376K, reserved 1081344K
  class space    used 3927K, committed 4096K, reserved 1048576K
}
Event: 2.439 GC heap after
{Heap after GC invocations=14 (full 0):
 garbage-first heap   total 61440K, used 18337K [0x0000000082800000, 0x0000000100000000)
  region size 1024K, 3 young (3072K), 3 survivors (3072K)
 Metaspace       used 28933K, committed 29376K, reserved 1081344K
  class space    used 3927K, committed 4096K, reserved 1048576K
}
Event: 2.441 GC heap before
{Heap before GC invocations=14 (full 0):
 garbage-first heap   total 61440K, used 48033K [0x0000000082800000, 0x0000000100000000)
  region size 1024K, 33 young (33792K), 3 survivors (3072K)
 Metaspace       used 28933K, committed 29376K, reserved 1081344K
  class space    used 3927K, committed 4096K, reserved 1048576K
}
Event: 2.443 GC heap after
{Heap after GC invocations=15 (full 0):
 garbage-first heap   total 61440K, used 18135K [0x0000000082800000, 0x0000000100000000)
  region size 1024K, 3 young (3072K), 3 survivors (3072K)
 Metaspace       used 28933K, committed 29376K, reserved 1081344K
  class space    used 3927K, committed 4096K, reserved 1048576K
}
Event: 2.446 GC heap before
{Heap before GC invocations=15 (full 0):
 garbage-first heap   total 61440K, used 48855K [0x0000000082800000, 0x0000000100000000)
  region size 1024K, 34 young (34816K), 3 survivors (3072K)
 Metaspace       used 28933K, committed 29376K, reserved 1081344K
  class space    used 3927K, committed 4096K, reserved 1048576K
}
Event: 2.449 GC heap after
{Heap after GC invocations=16 (full 0):
 garbage-first heap   total 61440K, used 18040K [0x0000000082800000, 0x0000000100000000)
  region size 1024K, 3 young (3072K), 3 survivors (3072K)
 Metaspace       used 28933K, committed 29376K, reserved 1081344K
  class space    used 3927K, committed 4096K, reserved 1048576K
}
Event: 2.451 GC heap before
{Heap before GC invocations=16 (full 0):
 garbage-first heap   total 61440K, used 49784K [0x0000000082800000, 0x0000000100000000)
  region size 1024K, 35 young (35840K), 3 survivors (3072K)
 Metaspace       used 28933K, committed 29376K, reserved 1081344K
  class space    used 3927K, committed 4096K, reserved 1048576K
}
Event: 2.454 GC heap after
{Heap after GC invocations=17 (full 0):
 garbage-first heap   total 161792K, used 18166K [0x0000000082800000, 0x0000000100000000)
  region size 1024K, 3 young (3072K), 3 survivors (3072K)
 Metaspace       used 28933K, committed 29376K, reserved 1081344K
  class space    used 3927K, committed 4096K, reserved 1048576K
}
Event: 2.899 GC heap before
{Heap before GC invocations=17 (full 0):
 garbage-first heap   total 161792K, used 103158K [0x0000000082800000, 0x0000000100000000)
  region size 1024K, 88 young (90112K), 3 survivors (3072K)
 Metaspace       used 35534K, committed 35968K, reserved 1081344K
  class space    used 4696K, committed 4928K, reserved 1048576K
}
Event: 2.902 GC heap after
{Heap after GC invocations=18 (full 0):
 garbage-first heap   total 161792K, used 20294K [0x0000000082800000, 0x0000000100000000)
  region size 1024K, 5 young (5120K), 5 survivors (5120K)
 Metaspace       used 35534K, committed 35968K, reserved 1081344K
  class space    used 4696K, committed 4928K, reserved 1048576K
}
Event: 3.215 GC heap before
{Heap before GC invocations=19 (full 0):
 garbage-first heap   total 81920K, used 72518K [0x0000000082800000, 0x0000000100000000)
  region size 1024K, 58 young (59392K), 5 survivors (5120K)
 Metaspace       used 40270K, committed 40768K, reserved 1089536K
  class space    used 5454K, committed 5696K, reserved 1048576K
}

