# JRE version: Java(TM) SE Runtime Environment (17.0.1+12) (build 17.0.1+12-LTS-39)
# Java VM: Java HotSpot(TM) 64-Bit Server VM (17.0.1+12-LTS-39, mixed mode, emulated-client, sharing, tiered, compressed oops, compressed class ptrs, g1 gc, windows-amd64)
GC Precious Log:
 CPUs: 8 total, 8 available
 Memory: 8025M
 Large Page Support: Disabled
 NUMA Support: Disabled
 Compressed Oops: Enabled (32-bit)
 Heap Region Size: 1M
 Heap Min Capacity: 8M
 Heap Initial Capacity: 126M
 Heap Max Capacity: 2008M
 Pre-touch: Disabled
 Parallel Workers: 8
 Concurrent Workers: 2
 Concurrent Refinement Workers: 8
 Periodic GC: Disabled
Heap:
 garbage-first heap   total 78848K, used 63258K [0x0000000082800000, 0x0000000100000000)
  region size 1024K, 45 young (46080K), 5 survivors (5120K)
 Metaspace       used 55993K, committed 56512K, reserved 1097728K
  class space    used 8006K, committed 8256K, reserved 1048576K
GC Heap History (20 events):
Event: 1.186 GC heap after
{Heap after GC invocations=6 (full 0):
 garbage-first heap   total 129024K, used 13697K [0x0000000082800000, 0x0000000100000000)
  region size 1024K, 6 young (6144K), 6 survivors (6144K)
 Metaspace       used 20011K, committed 20352K, reserved 1073152K
  class space    used 2696K, committed 2880K, reserved 1048576K
}
Event: 1.313 GC heap before
{Heap before GC invocations=6 (full 0):
 garbage-first heap   total 129024K, used 23937K [0x0000000082800000, 0x0000000100000000)
  region size 1024K, 17 young (17408K), 6 survivors (6144K)
 Metaspace       used 21176K, committed 21504K, reserved 1073152K
  class space    used 2857K, committed 3008K, reserved 1048576K
}
Event: 1.318 GC heap after
{Heap after GC invocations=7 (full 0):
 garbage-first heap   total 236544K, used 14036K [0x0000000082800000, 0x0000000100000000)
  region size 1024K, 3 young (3072K), 3 survivors (3072K)
 Metaspace       used 21176K, committed 21504K, reserved 1073152K
  class space    used 2857K, committed 3008K, reserved 1048576K
}
Event: 1.684 GC heap before
{Heap before GC invocations=8 (full 0):
 garbage-first heap   total 51200K, used 41684K [0x0000000082800000, 0x0000000100000000)
  region size 1024K, 30 young (30720K), 3 survivors (3072K)
 Metaspace       used 24918K, committed 25344K, reserved 1073152K
  class space    used 3470K, committed 3648K, reserved 1048576K
}
Event: 1.688 GC heap after
{Heap after GC invocations=9 (full 0):
 garbage-first heap   total 51200K, used 16232K [0x0000000082800000, 0x0000000100000000)
  region size 1024K, 4 young (4096K), 4 survivors (4096K)
 Metaspace       used 24918K, committed 25344K, reserved 1073152K
  class space    used 3470K, committed 3648K, reserved 1048576K
}
Event: 1.844 GC heap before
{Heap before GC invocations=9 (full 0):
 garbage-first heap   total 51200K, used 36712K [0x0000000082800000, 0x0000000100000000)
  region size 1024K, 25 young (25600K), 4 survivors (4096K)
 Metaspace       used 27081K, committed 27520K, reserved 1073152K
  class space    used 3778K, committed 3968K, reserved 1048576K
}
Event: 1.848 GC heap after
{Heap after GC invocations=10 (full 0):
 garbage-first heap   total 51200K, used 17717K [0x0000000082800000, 0x0000000100000000)
  region size 1024K, 2 young (2048K), 2 survivors (2048K)
 Metaspace       used 27081K, committed 27520K, reserved 1073152K
  class space    used 3778K, committed 3968K, reserved 1048576K
}
Event: 1.850 GC heap before
{Heap before GC invocations=10 (full 0):
 garbage-first heap   total 51200K, used 37173K [0x0000000082800000, 0x0000000100000000)
  region size 1024K, 22 young (22528K), 2 survivors (2048K)
 Metaspace       used 27081K, committed 27520K, reserved 1073152K
  class space    used 3778K, committed 3968K, reserved 1048576K
}
Event: 1.852 GC heap after
{Heap after GC invocations=11 (full 0):
 garbage-first heap   total 51200K, used 17745K [0x0000000082800000, 0x0000000100000000)
  region size 1024K, 2 young (2048K), 2 survivors (2048K)
 Metaspace       used 27081K, committed 27520K, reserved 1073152K
  class space    used 3778K, committed 3968K, reserved 1048576K
}
Event: 1.854 GC heap before
{Heap before GC invocations=11 (full 0):
 garbage-first heap   total 51200K, used 38225K [0x0000000082800000, 0x0000000100000000)
  region size 1024K, 23 young (23552K), 2 survivors (2048K)
 Metaspace       used 27081K, committed 27520K, reserved 1073152K
  class space    used 3778K, committed 3968K, reserved 1048576K
}
Event: 1.856 GC heap after
{Heap after GC invocations=12 (full 0):
 garbage-first heap   total 103424K, used 17746K [0x0000000082800000, 0x0000000100000000)
  region size 1024K, 2 young (2048K), 2 survivors (2048K)
 Metaspace       used 27081K, committed 27520K, reserved 1073152K
  class space    used 3778K, committed 3968K, reserved 1048576K
}
Event: 1.875 GC heap before
{Heap before GC invocations=12 (full 0):
 garbage-first heap   total 103424K, used 76114K [0x0000000082800000, 0x0000000100000000)
  region size 1024K, 60 young (61440K), 2 survivors (2048K)
 Metaspace       used 27081K, committed 27520K, reserved 1073152K
  class space    used 3778K, committed 3968K, reserved 1048576K
}
Event: 1.877 GC heap after
{Heap after GC invocations=13 (full 0):
 garbage-first heap   total 103424K, used 17704K [0x0000000082800000, 0x0000000100000000)
  region size 1024K, 2 young (2048K), 2 survivors (2048K)
 Metaspace       used 27081K, committed 27520K, reserved 1073152K
  class space    used 3778K, committed 3968K, reserved 1048576K
}
Event: 2.330 GC heap before
{Heap before GC invocations=13 (full 0):
 garbage-first heap   total 103424K, used 76072K [0x0000000082800000, 0x0000000100000000)
  region size 1024K, 60 young (61440K), 2 survivors (2048K)
 Metaspace       used 35484K, committed 35968K, reserved 1081344K
  class space    used 4817K, committed 5056K, reserved 1048576K
}
Event: 2.333 GC heap after
{Heap after GC invocations=14 (full 0):
 garbage-first heap   total 103424K, used 20358K [0x0000000082800000, 0x0000000100000000)
  region size 1024K, 5 young (5120K), 5 survivors (5120K)
 Metaspace       used 35484K, committed 35968K, reserved 1081344K
  class space    used 4817K, committed 5056K, reserved 1048576K
}
Event: 2.334 GC heap before
{Heap before GC invocations=14 (full 0):
 garbage-first heap   total 103424K, used 20358K [0x0000000082800000, 0x0000000100000000)
  region size 1024K, 6 young (6144K), 5 survivors (5120K)
 Metaspace       used 35520K, committed 35968K, reserved 1081344K
  class space    used 4821K, committed 5056K, reserved 1048576K
}
Event: 2.336 GC heap after
{Heap after GC invocations=15 (full 0):
 garbage-first heap   total 103424K, used 20024K [0x0000000082800000, 0x0000000100000000)
  region size 1024K, 4 young (4096K), 4 survivors (4096K)
 Metaspace       used 35520K, committed 35968K, reserved 1081344K
  class space    used 4821K, committed 5056K, reserved 1048576K
}
Event: 2.859 GC heap before
{Heap before GC invocations=16 (full 0):
 garbage-first heap   total 78848K, used 63032K [0x0000000082800000, 0x0000000100000000)
  region size 1024K, 46 young (47104K), 4 survivors (4096K)
 Metaspace       used 45693K, committed 46144K, reserved 1089536K
  class space    used 6371K, committed 6592K, reserved 1048576K
}
Event: 2.863 GC heap after
{Heap after GC invocations=17 (full 0):
 garbage-first heap   total 78848K, used 22298K [0x0000000082800000, 0x0000000100000000)
  region size 1024K, 5 young (5120K), 5 survivors (5120K)
 Metaspace       used 45693K, committed 46144K, reserved 1089536K
  class space    used 6371K, committed 6592K, reserved 1048576K
}
Event: 3.541 GC heap before
{Heap before GC invocations=17 (full 0):
 garbage-first heap   total 78848K, used 63258K [0x0000000082800000, 0x0000000100000000)
  region size 1024K, 45 young (46080K), 5 survivors (5120K)
 Metaspace       used 55993K, committed 56512K, reserved 1097728K
  class space    used 8006K, committed 8256K, reserved 1048576K
}

